<?xml version="1.0" encoding="UTF-8"?>
<!-- Generated by org.testng.reporters.JUnitReportReporter -->
<testsuite skipped="1" hostname="BDC6-DX-HRWVXC2" name="testmeapp.tests.OnlineShoppingTest" tests="5" failures="0" timestamp="19 Jun 2019 08:59:51 GMT" time="16.220" errors="0">
  <testcase name="browser" time="8.617" classname="testmeapp.tests.OnlineShoppingTest"/>
  <testcase name="testLogin" time="1.342" classname="testmeapp.tests.OnlineShoppingTest"/>
  <testcase name="testCart" time="1.489" classname="testmeapp.tests.OnlineShoppingTest"/>
  <testcase name="testPayment" time="4.772" classname="testmeapp.tests.OnlineShoppingTest"/>
  <testcase name="testRegistration" classname="testmeapp.tests.OnlineShoppingTest">
    <skipped/>
  </testcase> <!-- testRegistration -->
</testsuite> <!-- testmeapp.tests.OnlineShoppingTest -->
