<?xml version="1.0" encoding="UTF-8"?>
<!-- Generated by org.testng.reporters.JUnitReportReporter -->
<testsuite skipped="0" hostname="BDC6-DX-HRWVXC2" name="testmeapp.utility.actions" tests="1" failures="0" timestamp="18 Jun 2019 05:46:27 GMT" time="4.253" errors="0">
  <testcase name="locators" time="4.253" classname="testmeapp.utility.actions"/>
</testsuite> <!-- testmeapp.utility.actions -->
