<?xml version="1.0" encoding="UTF-8"?>
<!-- Generated by org.testng.reporters.JUnitReportReporter -->
<testsuite skipped="0" hostname="BDC6-DX-HRWVXC2" name="testmeapp.utility.Locators" tests="1" failures="0" timestamp="17 Jun 2019 07:59:53 GMT" time="15.802" errors="0">
  <testcase name="test" time="15.802" classname="testmeapp.utility.Locators"/>
</testsuite> <!-- testmeapp.utility.Locators -->
