<?xml version="1.0" encoding="UTF-8"?>
<!-- Generated by org.testng.reporters.JUnitReportReporter -->
<testsuite skipped="0" hostname="BDC6-DX-HRWVXC2" name="testmeapp.utility.frames" tests="1" failures="0" timestamp="18 Jun 2019 06:16:57 GMT" time="16.198" errors="0">
  <testcase name="switchframes" time="16.198" classname="testmeapp.utility.frames"/>
</testsuite> <!-- testmeapp.utility.frames -->
